Release 14.7 - xst P.20131013 (nt64)
Copyright (c) 1995-2013 Xilinx, Inc.  All rights reserved.
--> Parameter TMPDIR set to xst/projnav.tmp


Total REAL time to Xst completion: 0.00 secs
Total CPU time to Xst completion: 0.11 secs
 
--> Parameter xsthdpdir set to xst


Total REAL time to Xst completion: 0.00 secs
Total CPU time to Xst completion: 0.11 secs
 
--> Reading design: MAQUINA_DE_ESTADOS.prj

TABLE OF CONTENTS
  1) Synthesis Options Summary
  2) HDL Compilation
  3) Design Hierarchy Analysis
  4) HDL Analysis
  5) HDL Synthesis
     5.1) HDL Synthesis Report
  6) Advanced HDL Synthesis
     6.1) Advanced HDL Synthesis Report
  7) Low Level Synthesis
  8) Partition Report
  9) Final Report
	9.1) Device utilization summary
	9.2) Partition Resource Summary
	9.3) TIMING REPORT


=========================================================================
*                      Synthesis Options Summary                        *
=========================================================================
---- Source Parameters
Input File Name                    : "MAQUINA_DE_ESTADOS.prj"
Input Format                       : mixed
Ignore Synthesis Constraint File   : NO

---- Target Parameters
Output File Name                   : "MAQUINA_DE_ESTADOS"
Output Format                      : NGC
Target Device                      : xc3s700an-4-fgg484

---- Source Options
Top Module Name                    : MAQUINA_DE_ESTADOS
Automatic FSM Extraction           : YES
FSM Encoding Algorithm             : Auto
Safe Implementation                : No
FSM Style                          : LUT
RAM Extraction                     : Yes
RAM Style                          : Auto
ROM Extraction                     : Yes
Mux Style                          : Auto
Decoder Extraction                 : YES
Priority Encoder Extraction        : Yes
Shift Register Extraction          : YES
Logical Shifter Extraction         : YES
XOR Collapsing                     : YES
ROM Style                          : Auto
Mux Extraction                     : Yes
Resource Sharing                   : YES
Asynchronous To Synchronous        : NO
Multiplier Style                   : Auto
Automatic Register Balancing       : No

---- Target Options
Add IO Buffers                     : YES
Global Maximum Fanout              : 100000
Add Generic Clock Buffer(BUFG)     : 24
Register Duplication               : YES
Slice Packing                      : YES
Optimize Instantiated Primitives   : NO
Use Clock Enable                   : Yes
Use Synchronous Set                : Yes
Use Synchronous Reset              : Yes
Pack IO Registers into IOBs        : Auto
Equivalent register Removal        : YES

---- General Options
Optimization Goal                  : Speed
Optimization Effort                : 1
Keep Hierarchy                     : No
Netlist Hierarchy                  : As_Optimized
RTL Output                         : Yes
Global Optimization                : AllClockNets
Read Cores                         : YES
Write Timing Constraints           : NO
Cross Clock Analysis               : NO
Hierarchy Separator                : /
Bus Delimiter                      : <>
Case Specifier                     : Maintain
Slice Utilization Ratio            : 100
BRAM Utilization Ratio             : 100
Verilog 2001                       : YES
Auto BRAM Packing                  : NO
Slice Utilization Ratio Delta      : 5

=========================================================================


=========================================================================
*                          HDL Compilation                              *
=========================================================================
Compiling vhdl file "C:/Users/DANIEL/Desktop/Sistemas Digitais/ULA_FINAL/OPERACAO_SOMAR1BIT.vhd" in Library work.
Architecture behavioral of Entity operacao_somar1bit is up to date.
Compiling vhdl file "C:/Users/DANIEL/Desktop/Sistemas Digitais/ULA_FINAL/OPERACAO_NOT.vhd" in Library work.
Architecture behavioral of Entity operacao_not is up to date.
Compiling vhdl file "C:/Users/DANIEL/Desktop/Sistemas Digitais/ULA_FINAL/OPERACAO_SOMAR4BITS.vhd" in Library work.
Architecture behavioral of Entity operacao_somar4bits is up to date.
Compiling vhdl file "C:/Users/DANIEL/Desktop/Sistemas Digitais/ULA_FINAL/AND.vhd" in Library work.
Architecture behavioral of Entity operacao_and is up to date.
Compiling vhdl file "C:/Users/DANIEL/Desktop/Sistemas Digitais/ULA_FINAL/OR.vhd" in Library work.
Architecture behavioral of Entity operacao_or is up to date.
Compiling vhdl file "C:/Users/DANIEL/Desktop/Sistemas Digitais/ULA_FINAL/OPERACAO_XOR.vhd" in Library work.
Architecture behavioral of Entity operacao_xor is up to date.
Compiling vhdl file "C:/Users/DANIEL/Desktop/Sistemas Digitais/ULA_FINAL/OPERACAO_SUBTRAIR4BITS.vhd" in Library work.
Architecture behavioral of Entity operacao_subtrair4bits is up to date.
Compiling vhdl file "C:/Users/DANIEL/Desktop/Sistemas Digitais/ULA_FINAL/OPERACAO_COMPARADOR4BITS.vhd" in Library work.
Architecture behavioral of Entity operacao_comparador_4bits is up to date.
Compiling vhdl file "C:/Users/DANIEL/Desktop/Sistemas Digitais/ULA_FINAL/OPERACAO_DESLOCAR4BITS_ESQUERDA.vhd" in Library work.
Architecture behavioral of Entity operacao_deslocar4bits_esquerda is up to date.
Compiling vhdl file "C:/Users/DANIEL/Desktop/Sistemas Digitais/ULA_FINAL/MUX_8ENTRADAS.vhd" in Library work.
Architecture behavioral of Entity mux_8entradas is up to date.
Compiling vhdl file "C:/Users/DANIEL/Desktop/Sistemas Digitais/ULA_FINAL/ULA.vhd" in Library work.
Architecture behavioral of Entity ula is up to date.
Compiling vhdl file "C:/Users/DANIEL/Desktop/Sistemas Digitais/ULA_FINAL/CLOCK_AJUSTADO.vhd" in Library work.
Architecture behavioral of Entity clock_ajustado is up to date.
Compiling vhdl file "C:/Users/DANIEL/Desktop/Sistemas Digitais/ULA_FINAL/MAQUINA_DE_ESTADOS.vhd" in Library work.
Entity <maquina_de_estados> compiled.
ERROR:HDLParsers:3312 - "C:/Users/DANIEL/Desktop/Sistemas Digitais/ULA_FINAL/MAQUINA_DE_ESTADOS.vhd" Line 94. Undefined symbol 'CONTADOR'.
ERROR:HDLParsers:1209 - "C:/Users/DANIEL/Desktop/Sistemas Digitais/ULA_FINAL/MAQUINA_DE_ESTADOS.vhd" Line 94. CONTADOR: Undefined symbol (last report in this block)
ERROR:HDLParsers:837 - "C:/Users/DANIEL/Desktop/Sistemas Digitais/ULA_FINAL/MAQUINA_DE_ESTADOS.vhd" Line 111. Width mismatch. Expected width 4, Actual width is 3 for dimension 1 of SELETOR_ME.
--> 

Total memory usage is 4496416 kilobytes

Number of errors   :    3 (   0 filtered)
Number of warnings :    0 (   0 filtered)
Number of infos    :    0 (   0 filtered)

